C51 COMPILER V9.00   TIME                                                                  08/30/2015 15:27:41 PAGE 1   


C51 COMPILER V9.00, COMPILATION OF MODULE TIME
OBJECT MODULE PLACED IN TIME.OBJ
COMPILER INVOKED BY: E:\Program_Design\KEIL\KEIL4_C51\C51\BIN\C51.EXE TIME.c BROWSE DEBUG OBJECTEXTEND

line level    source

   1          #include <reg52.h>
   2          
   3          sbit LED0 = P1^0;
   4          sbit LED1 = P1^2;
   5          
   6          void main(){
   7   1          unsigned char cnt0 = 0;
   8   1          unsigned char cnt1 = 0;
   9   1          TMOD = 0x11;
  10   1          TH0 = 0xB8;
  11   1          TL0 = 0x00;
  12   1          TH1 = 0xB8;
  13   1          TL1 = 0x00;
  14   1          TR0 = 1;
  15   1          TR1 = 1;
  16   1          LED0 = 0;
  17   1          LED1 = 0;
  18   1          while (1){
  19   2              if (TF0==1){
  20   3                  TF0=0;
  21   3                  TH0 = 0xB8;
  22   3                  TL0 = 0x00;
  23   3                  cnt0++;
  24   3                  if (cnt0>=50){
  25   4                      cnt0 = 0;
  26   4                      LED0 = ~LED0;
  27   4                  }
  28   3              }
  29   2              if (TF1 == 1){
  30   3                  TF1 = 0;
  31   3                  TH1 = 0xB8;
  32   3                  TL1 = 0x00;
  33   3                  cnt1++;
  34   3                  if (cnt1>=100){
  35   4                      cnt1 = 0;
  36   4                      LED1 = ~LED1;
  37   4                  }    
  38   3              }
  39   2          }
  40   1      }


MODULE INFORMATION:   STATIC OVERLAYABLE
   CODE SIZE        =     70    ----
   CONSTANT SIZE    =   ----    ----
   XDATA SIZE       =   ----    ----
   PDATA SIZE       =   ----    ----
   DATA SIZE        =   ----    ----
   IDATA SIZE       =   ----    ----
   BIT SIZE         =   ----    ----
END OF MODULE INFORMATION.


C51 COMPILATION COMPLETE.  0 WARNING(S),  0 ERROR(S)
