C51 COMPILER V9.00   LED                                                                   08/30/2015 14:57:17 PAGE 1   


C51 COMPILER V9.00, COMPILATION OF MODULE LED
OBJECT MODULE PLACED IN LED.OBJ
COMPILER INVOKED BY: E:\Program_Design\KEIL\KEIL4_C51\C51\BIN\C51.EXE LED.c BROWSE DEBUG OBJECTEXTEND

line level    source

   1          #include <reg52.h>        
   2          
   3          void main()
   4          {
   5   1          unsigned int i,j;
   6   1              while(1){
   7   2              for (i=0;i<=8;i++){
   8   3                  P1= ~(0xFF >> i);
   9   3                  for (j=0;j<30000;j++);
  10   3              }
  11   2              for (i=1;i<8;i++){
  12   3                  P1= (0xFF << i);
  13   3                  for (j=0;j<30000;j++);
  14   3              }                
  15   2          }                      
  16   1      }


MODULE INFORMATION:   STATIC OVERLAYABLE
   CODE SIZE        =     93    ----
   CONSTANT SIZE    =   ----    ----
   XDATA SIZE       =   ----    ----
   PDATA SIZE       =   ----    ----
   DATA SIZE        =   ----    ----
   IDATA SIZE       =   ----    ----
   BIT SIZE         =   ----    ----
END OF MODULE INFORMATION.


C51 COMPILATION COMPLETE.  0 WARNING(S),  0 ERROR(S)
